<?xml version="1.0" encoding="UTF-8"?>
<!-- Generated by org.testng.reporters.JUnitReportReporter -->
<testsuite skipped="0" hostname="Jyoti-computer" name="Test_Junit.First_Test" tests="1" failures="1" timestamp="2020-08-27T19:01:10 CDT" time="7.148" errors="0">
  <testcase name="launch" time="7.148" classname="Test_Junit.First_Test">
    <failure type="java.lang.AssertionError" message="expected [None
and and and
DOG
MyTest685
MyTest545
MyTest774
NewCategory179
MyTest698
a
AutoTest42
TechFiosTest235
Java Test ABC10
Java Test ABC12
AutoTest53
TechFiosTest904
AutoTest54
abc
XYZ1
JAVA_Winter2022
TechFiosTest552
AutoTest51
AutoTest36
TechFiosTest69
AutoTest98
TechFiosTest10
test
None
TechFios122
mm
  Najira 76
  Najira 61
  Najira 53
  Najira 60
  Najira 18
najira53
  Najira 82
  Najira 4
  Najira 57
szanib838
szanib
szanib608
BMW
  Najira 84
  Najira 35
  Najira 94
sadek
Rumana
sadek1
sadek2
sadek4
sad
sadd
sadi
sai
saad
sara
sana
safi
Mercedes E350
spring
Rubya
hoomaira
fatima
rumu
rumu1
rumu10] but found [MyTest545]">
      <![CDATA[java.lang.AssertionError: expected [None
and and and
DOG
MyTest685
MyTest545
MyTest774
NewCategory179
MyTest698
a
AutoTest42
TechFiosTest235
Java Test ABC10
Java Test ABC12
AutoTest53
TechFiosTest904
AutoTest54
abc
XYZ1
JAVA_Winter2022
TechFiosTest552
AutoTest51
AutoTest36
TechFiosTest69
AutoTest98
TechFiosTest10
test
None
TechFios122
mm
  Najira 76
  Najira 61
  Najira 53
  Najira 60
  Najira 18
najira53
  Najira 82
  Najira 4
  Najira 57
szanib838
szanib
szanib608
BMW
  Najira 84
  Najira 35
  Najira 94
sadek
Rumana
sadek1
sadek2
sadek4
sad
sadd
sadi
sai
saad
sara
sana
safi
Mercedes E350
spring
Rubya
hoomaira
fatima
rumu
rumu1
rumu10] but found [MyTest545]
at org.testng.Assert.fail(Assert.java:97)
at org.testng.Assert.assertEqualsImpl(Assert.java:136)
at org.testng.Assert.assertEquals(Assert.java:118)
at org.testng.Assert.assertEquals(Assert.java:575)
at org.testng.Assert.assertEquals(Assert.java:585)
at Test_Junit.First_Test.launch(First_Test.java:41)
at sun.reflect.NativeMethodAccessorImpl.invoke0(Native Method)
at sun.reflect.NativeMethodAccessorImpl.invoke(NativeMethodAccessorImpl.java:62)
at sun.reflect.DelegatingMethodAccessorImpl.invoke(DelegatingMethodAccessorImpl.java:43)
at java.lang.reflect.Method.invoke(Method.java:498)
at org.testng.internal.MethodInvocationHelper.invokeMethod(MethodInvocationHelper.java:135)
at org.testng.internal.TestInvoker.invokeMethod(TestInvoker.java:598)
at org.testng.internal.TestInvoker.invokeTestMethod(TestInvoker.java:174)
at org.testng.internal.MethodRunner.runInSequence(MethodRunner.java:46)
at org.testng.internal.TestInvoker$MethodInvocationAgent.invoke(TestInvoker.java:821)
at org.testng.internal.TestInvoker.invokeTestMethods(TestInvoker.java:147)
at org.testng.internal.TestMethodWorker.invokeTestMethods(TestMethodWorker.java:146)
at org.testng.internal.TestMethodWorker.run(TestMethodWorker.java:128)
at java.util.ArrayList.forEach(ArrayList.java:1249)
at org.testng.TestRunner.privateRun(TestRunner.java:767)
at org.testng.TestRunner.run(TestRunner.java:588)
at org.testng.SuiteRunner.runTest(SuiteRunner.java:384)
at org.testng.SuiteRunner.runSequentially(SuiteRunner.java:378)
at org.testng.SuiteRunner.privateRun(SuiteRunner.java:337)
at org.testng.SuiteRunner.run(SuiteRunner.java:286)
at org.testng.SuiteRunnerWorker.runSuite(SuiteRunnerWorker.java:53)
at org.testng.SuiteRunnerWorker.run(SuiteRunnerWorker.java:96)
at org.testng.TestNG.runSuitesSequentially(TestNG.java:1214)
at org.testng.TestNG.runSuitesLocally(TestNG.java:1136)
at org.testng.TestNG.runSuites(TestNG.java:1066)
at org.testng.TestNG.run(TestNG.java:1034)
at org.testng.remote.AbstractRemoteTestNG.run(AbstractRemoteTestNG.java:115)
at org.testng.remote.RemoteTestNG.initAndRun(RemoteTestNG.java:251)
at org.testng.remote.RemoteTestNG.main(RemoteTestNG.java:77)
]]>
    </failure>
  </testcase> <!-- launch -->
  <system-out/>
</testsuite> <!-- Test_Junit.First_Test -->
